0 info it worked if it ends with ok
1 verbose cli [ '/usr/local/Cellar/node/7.4.0/bin/node',
1 verbose cli   '/usr/local/bin/npm',
1 verbose cli   'run',
1 verbose cli   'sass' ]
2 info using npm@4.0.5
3 info using node@v7.4.0
4 verbose run-script [ 'presass', 'sass', 'postsass' ]
5 info lifecycle SpeakFriend@0.0.1~presass: SpeakFriend@0.0.1
6 silly lifecycle SpeakFriend@0.0.1~presass: no script for presass, continuing
7 info lifecycle SpeakFriend@0.0.1~sass: SpeakFriend@0.0.1
8 verbose lifecycle SpeakFriend@0.0.1~sass: unsafe-perm in lifecycle true
9 verbose lifecycle SpeakFriend@0.0.1~sass: PATH: /usr/local/lib/node_modules/npm/bin/node-gyp-bin:/Users/tees/Development/speakfriend/speakfriend/node_modules/.bin:/usr/local/bin:/usr/bin:/bin:/usr/sbin:/sbin:/usr/local/go/bin:/Users/tees/.fzf/bin
10 verbose lifecycle SpeakFriend@0.0.1~sass: CWD: /Users/tees/Development/speakfriend/speakfriend
11 silly lifecycle SpeakFriend@0.0.1~sass: Args: [ '-c', 'node-sass' ]
12 silly lifecycle SpeakFriend@0.0.1~sass: Returned: code: 1  signal: null
13 info lifecycle SpeakFriend@0.0.1~sass: Failed to exec sass script
14 verbose stack Error: SpeakFriend@0.0.1 sass: `node-sass`
14 verbose stack Exit status 1
14 verbose stack     at EventEmitter.<anonymous> (/usr/local/lib/node_modules/npm/lib/utils/lifecycle.js:279:16)
14 verbose stack     at emitTwo (events.js:106:13)
14 verbose stack     at EventEmitter.emit (events.js:191:7)
14 verbose stack     at ChildProcess.<anonymous> (/usr/local/lib/node_modules/npm/lib/utils/spawn.js:40:14)
14 verbose stack     at emitTwo (events.js:106:13)
14 verbose stack     at ChildProcess.emit (events.js:191:7)
14 verbose stack     at maybeClose (internal/child_process.js:885:16)
14 verbose stack     at Process.ChildProcess._handle.onexit (internal/child_process.js:226:5)
15 verbose pkgid SpeakFriend@0.0.1
16 verbose cwd /Users/tees/Development/speakfriend/speakfriend
17 error Darwin 15.6.0
18 error argv "/usr/local/Cellar/node/7.4.0/bin/node" "/usr/local/bin/npm" "run" "sass"
19 error node v7.4.0
20 error npm  v4.0.5
21 error code ELIFECYCLE
22 error SpeakFriend@0.0.1 sass: `node-sass`
22 error Exit status 1
23 error Failed at the SpeakFriend@0.0.1 sass script 'node-sass'.
23 error Make sure you have the latest version of node.js and npm installed.
23 error If you do, this is most likely a problem with the SpeakFriend package,
23 error not with npm itself.
23 error Tell the author that this fails on your system:
23 error     node-sass
23 error You can get information on how to open an issue for this project with:
23 error     npm bugs SpeakFriend
23 error Or if that isn't available, you can get their info via:
23 error     npm owner ls SpeakFriend
23 error There is likely additional logging output above.
24 verbose exit [ 1, true ]
